{"C:\\xampp\\htdocs\\_app\\learn\\dicoding\\Dicoding-BackEndDeveloperExpert\\module\\math-api\\src\\mathBasic.js": {"path":"C:\\xampp\\htdocs\\_app\\learn\\dicoding\\Dicoding-BackEndDeveloperExpert\\module\\math-api\\src\\mathBasic.js","statementMap":{"0":{"start":{"line":1,"column":18},"end":{"line":30,"column":3}},"1":{"start":{"line":3,"column":6},"end":{"line":5,"column":7}},"2":{"start":{"line":4,"column":8},"end":{"line":4,"column":63}},"3":{"start":{"line":7,"column":21},"end":{"line":7,"column":25}},"4":{"start":{"line":9,"column":6},"end":{"line":11,"column":7}},"5":{"start":{"line":10,"column":8},"end":{"line":10,"column":66}},"6":{"start":{"line":12,"column":6},"end":{"line":12,"column":18}},"7":{"start":{"line":15,"column":21},"end":{"line":15,"column":45}},"8":{"start":{"line":16,"column":6},"end":{"line":16,"column":19}},"9":{"start":{"line":19,"column":21},"end":{"line":19,"column":45}},"10":{"start":{"line":20,"column":6},"end":{"line":20,"column":19}},"11":{"start":{"line":23,"column":21},"end":{"line":23,"column":45}},"12":{"start":{"line":24,"column":6},"end":{"line":24,"column":19}},"13":{"start":{"line":27,"column":21},"end":{"line":27,"column":45}},"14":{"start":{"line":28,"column":6},"end":{"line":28,"column":19}},"15":{"start":{"line":32,"column":2},"end":{"line":32,"column":29}}},"fnMap":{"0":{"name":"(anonymous_0)","decl":{"start":{"line":2,"column":4},"end":{"line":2,"column":5}},"loc":{"start":{"line":2,"column":24},"end":{"line":13,"column":5}},"line":2},"1":{"name":"(anonymous_1)","decl":{"start":{"line":14,"column":4},"end":{"line":14,"column":5}},"loc":{"start":{"line":14,"column":17},"end":{"line":17,"column":5}},"line":14},"2":{"name":"(anonymous_2)","decl":{"start":{"line":18,"column":4},"end":{"line":18,"column":5}},"loc":{"start":{"line":18,"column":22},"end":{"line":21,"column":5}},"line":18},"3":{"name":"(anonymous_3)","decl":{"start":{"line":22,"column":4},"end":{"line":22,"column":5}},"loc":{"start":{"line":22,"column":22},"end":{"line":25,"column":5}},"line":22},"4":{"name":"(anonymous_4)","decl":{"start":{"line":26,"column":4},"end":{"line":26,"column":5}},"loc":{"start":{"line":26,"column":20},"end":{"line":29,"column":5}},"line":26}},"branchMap":{"0":{"loc":{"start":{"line":3,"column":6},"end":{"line":5,"column":7}},"type":"if","locations":[{"start":{"line":3,"column":6},"end":{"line":5,"column":7}},{"start":{},"end":{}}],"line":3},"1":{"loc":{"start":{"line":9,"column":6},"end":{"line":11,"column":7}},"type":"if","locations":[{"start":{"line":9,"column":6},"end":{"line":11,"column":7}},{"start":{},"end":{}}],"line":9},"2":{"loc":{"start":{"line":9,"column":10},"end":{"line":9,"column":56}},"type":"binary-expr","locations":[{"start":{"line":9,"column":10},"end":{"line":9,"column":31}},{"start":{"line":9,"column":35},"end":{"line":9,"column":56}}],"line":9}},"s":{"0":1,"1":37,"2":13,"3":24,"4":24,"5":12,"6":12,"7":10,"8":3,"9":9,"10":3,"11":9,"12":3,"13":9,"14":3,"15":1},"f":{"0":37,"1":10,"2":9,"3":9,"4":9},"b":{"0":[13,24],"1":[12,12],"2":[24,12]},"_coverageSchema":"1a1c01bbd47fc00a2c39e90264f33305004495a9","hash":"4cb4c6195dc7d986a65545686d8b9d0af52a0ed6"}
}
